<?xml version="1.0" encoding="UTF-8"?>
<testng-results skipped="0" failed="0" total="1" passed="1">
  <reporter-output>
  </reporter-output>
  <suite name="Suite" duration-ms="13002" started-at="2015-09-09T10:43:02Z" finished-at="2015-09-09T10:43:15Z">
    <groups>
    </groups>
    <test name="Test" duration-ms="13002" started-at="2015-09-09T10:43:02Z" finished-at="2015-09-09T10:43:15Z">
      <class name="toursPages.HomePageTest">
        <test-method status="PASS" signature="beforeTest()[pri:0, instance:toursPages.HomePageTest@5594a1b5]" name="beforeTest" is-config="true" duration-ms="8924" started-at="2015-09-09T20:43:02Z" finished-at="2015-09-09T20:43:11Z">
          <reporter-output>
          </reporter-output>
        </test-method> <!-- beforeTest -->
        <test-method status="PASS" signature="Login()[pri:0, instance:toursPages.HomePageTest@5594a1b5]" name="Login" duration-ms="3785" started-at="2015-09-09T20:43:11Z" finished-at="2015-09-09T20:43:14Z">
          <reporter-output>
          </reporter-output>
        </test-method> <!-- Login -->
        <test-method status="PASS" signature="afterTest()[pri:0, instance:toursPages.HomePageTest@5594a1b5]" name="afterTest" is-config="true" duration-ms="289" started-at="2015-09-09T20:43:14Z" finished-at="2015-09-09T20:43:15Z">
          <reporter-output>
          </reporter-output>
        </test-method> <!-- afterTest -->
      </class> <!-- toursPages.HomePageTest -->
    </test> <!-- Test -->
  </suite> <!-- Suite -->
</testng-results>
