<?xml version="1.0" encoding="UTF-8"?>
<testng-results skipped="0" failed="0" total="1" passed="1">
  <reporter-output>
  </reporter-output>
  <suite name="Suite" duration-ms="15576" started-at="2015-09-09T10:31:06Z" finished-at="2015-09-09T10:31:22Z">
    <groups>
    </groups>
    <test name="Test" duration-ms="15576" started-at="2015-09-09T10:31:06Z" finished-at="2015-09-09T10:31:22Z">
      <class name="toursPages.HomePageTest">
        <test-method status="PASS" signature="beforeTest()[pri:0, instance:toursPages.HomePageTest@35bbe5e8]" name="beforeTest" is-config="true" duration-ms="9078" started-at="2015-09-09T20:31:06Z" finished-at="2015-09-09T20:31:15Z">
          <reporter-output>
          </reporter-output>
        </test-method> <!-- beforeTest -->
        <test-method status="PASS" signature="Login()[pri:0, instance:toursPages.HomePageTest@35bbe5e8]" name="Login" duration-ms="6202" started-at="2015-09-09T20:31:15Z" finished-at="2015-09-09T20:31:22Z">
          <reporter-output>
          </reporter-output>
        </test-method> <!-- Login -->
        <test-method status="PASS" signature="afterTest()[pri:0, instance:toursPages.HomePageTest@35bbe5e8]" name="afterTest" is-config="true" duration-ms="281" started-at="2015-09-09T20:31:22Z" finished-at="2015-09-09T20:31:22Z">
          <reporter-output>
          </reporter-output>
        </test-method> <!-- afterTest -->
      </class> <!-- toursPages.HomePageTest -->
    </test> <!-- Test -->
  </suite> <!-- Suite -->
</testng-results>
